nohup: ignoring input
Using cache found in /home/bahadir/.cache/torch/hub/facebookresearch_dino_main
Prev train example count: 1644, cur train example count: 411, cur val example count: 30
Image dir: 411, Image labels: 411
Image dir: 30, Image labels: 30
Image dir: 1592, Image labels: 1592
Epoch: 1, Train loss: 0.431, Train accuracy: 0.825, Val loss: 0.130, Val accuracy: 0.967
Epoch: 2, Train loss: 0.102, Train accuracy: 0.956, Val loss: 0.079, Val accuracy: 0.967
Epoch: 3, Train loss: 0.082, Train accuracy: 0.971, Val loss: 0.077, Val accuracy: 0.967
Epoch: 4, Train loss: 0.047, Train accuracy: 0.988, Val loss: 0.096, Val accuracy: 0.967
Epoch: 5, Train loss: 0.038, Train accuracy: 0.990, Val loss: 0.134, Val accuracy: 0.967
Epoch: 6, Train loss: 0.030, Train accuracy: 0.993, Val loss: 0.083, Val accuracy: 0.967
Epoch: 7, Train loss: 0.024, Train accuracy: 0.998, Val loss: 0.106, Val accuracy: 0.967
Epoch: 8, Train loss: 0.022, Train accuracy: 0.995, Val loss: 0.135, Val accuracy: 0.967
Epoch: 9, Train loss: 0.017, Train accuracy: 0.990, Val loss: 0.089, Val accuracy: 0.967
Epoch: 10, Train loss: 0.021, Train accuracy: 0.995, Val loss: 0.081, Val accuracy: 0.967
Epoch: 11, Train loss: 0.013, Train accuracy: 1.000, Val loss: 0.115, Val accuracy: 0.967
Epoch: 12, Train loss: 0.011, Train accuracy: 0.995, Val loss: 0.113, Val accuracy: 0.967
Epoch: 13, Train loss: 0.009, Train accuracy: 1.000, Val loss: 0.080, Val accuracy: 0.967
Epoch: 14, Train loss: 0.008, Train accuracy: 1.000, Val loss: 0.113, Val accuracy: 0.967
Epoch: 15, Train loss: 0.006, Train accuracy: 1.000, Val loss: 0.119, Val accuracy: 0.967
Epoch: 16, Train loss: 0.005, Train accuracy: 1.000, Val loss: 0.124, Val accuracy: 0.967
Epoch: 17, Train loss: 0.005, Train accuracy: 1.000, Val loss: 0.130, Val accuracy: 0.967
Epoch: 18, Train loss: 0.004, Train accuracy: 1.000, Val loss: 0.128, Val accuracy: 0.967
Epoch: 19, Train loss: 0.006, Train accuracy: 0.998, Val loss: 0.119, Val accuracy: 0.967
Epoch: 20, Train loss: 0.004, Train accuracy: 1.000, Val loss: 0.125, Val accuracy: 0.967
Epoch: 21, Train loss: 0.004, Train accuracy: 1.000, Val loss: 0.130, Val accuracy: 0.967
Epoch: 22, Train loss: 0.004, Train accuracy: 1.000, Val loss: 0.136, Val accuracy: 0.967
Epoch: 23, Train loss: 0.006, Train accuracy: 1.000, Val loss: 0.118, Val accuracy: 0.967
Epoch: 24, Train loss: 0.005, Train accuracy: 1.000, Val loss: 0.120, Val accuracy: 0.967
Epoch: 25, Train loss: 0.005, Train accuracy: 1.000, Val loss: 0.121, Val accuracy: 0.967
Epoch: 26, Train loss: 0.005, Train accuracy: 1.000, Val loss: 0.122, Val accuracy: 0.967
Epoch: 27, Train loss: 0.004, Train accuracy: 1.000, Val loss: 0.123, Val accuracy: 0.967
Epoch: 28, Train loss: 0.004, Train accuracy: 1.000, Val loss: 0.123, Val accuracy: 0.967
Using cache found in /home/bahadir/.cache/torch/hub/facebookresearch_dino_main
Test loss: 0.086, Test accuracy: 0.964
Actuals        0    1    2
Predictions               
0            491    0    0
1              0  834   47
2              0   10  210
              precision    recall  f1-score   support

           0      1.000     1.000     1.000       491
           1      0.988     0.947     0.967       881
           2      0.817     0.955     0.881       220

    accuracy                          0.964      1592
   macro avg      0.935     0.967     0.949      1592
weighted avg      0.968     0.964     0.965      1592

Elapsed time: 963.637
